TRACE::2024-03-18.22:31:45::SCWBifWriter::Found the complete platform E:/zedboard_experiment/circle_led/circle_led_wrapper/export/circle_led_wrapper/circle_led_wrapper.xpfm
TRACE::2024-03-18.22:31:45::SCWBifWriter::hardware databse : circle_led_wrapper_1
TRACE::2024-03-18.22:31:45::SCWBifWriter::bitstream found in the design
TRACE::2024-03-18.22:31:45::SCWBifWriter::Found a baremetal domain, proc: ps7_cortexa9_0
TRACE::2024-03-18.22:31:45::SCWBifWriter::proc type : 
TRACE::2024-03-18.22:31:45::SCWBifWriter::proc[0] : ps7_cortexa9_0
TRACE::2024-03-18.22:31:45::SCWBifWriter::Device type is : zynq
TRACE::2024-03-18.22:31:45::SCWBifWriter::Writing BIF to file : E:/zedboard_experiment/circle_led/circle_system/Debug/system.bif
TRACE::2024-03-18.22:31:45::SCWBifWriter::Writing the Zynq Baremetal bif 
TRACE::2024-03-18.22:34:55::SCWBifWriter::Found the complete platform E:/zedboard_experiment/circle_led/circle_led_wrapper/export/circle_led_wrapper/circle_led_wrapper.xpfm
TRACE::2024-03-18.22:34:55::SCWBifWriter::hardware databse : circle_led_wrapper_1
TRACE::2024-03-18.22:34:55::SCWBifWriter::bitstream found in the design
TRACE::2024-03-18.22:34:55::SCWBifWriter::Found a baremetal domain, proc: ps7_cortexa9_0
TRACE::2024-03-18.22:34:55::SCWBifWriter::proc type : 
TRACE::2024-03-18.22:34:55::SCWBifWriter::proc[0] : ps7_cortexa9_0
TRACE::2024-03-18.22:34:55::SCWBifWriter::Device type is : zynq
TRACE::2024-03-18.22:34:55::SCWBifWriter::Writing BIF to file : E:/zedboard_experiment/circle_led/circle_system/Debug/system.bif
TRACE::2024-03-18.22:34:55::SCWBifWriter::Writing the Zynq Baremetal bif 
TRACE::2024-03-18.23:00:27::SCWBifWriter::Found the complete platform E:/zedboard_experiment/circle_led/circle_led_wrapper/export/circle_led_wrapper/circle_led_wrapper.xpfm
TRACE::2024-03-18.23:00:27::SCWBifWriter::hardware databse : circle_led_wrapper_1
TRACE::2024-03-18.23:00:27::SCWBifWriter::bitstream found in the design
TRACE::2024-03-18.23:00:27::SCWBifWriter::Found a baremetal domain, proc: ps7_cortexa9_0
TRACE::2024-03-18.23:00:27::SCWBifWriter::proc type : 
TRACE::2024-03-18.23:00:27::SCWBifWriter::proc[0] : ps7_cortexa9_0
TRACE::2024-03-18.23:00:27::SCWBifWriter::Device type is : zynq
TRACE::2024-03-18.23:00:27::SCWBifWriter::Writing BIF to file : E:/zedboard_experiment/circle_led/circle_system/Debug/system.bif
TRACE::2024-03-18.23:00:27::SCWBifWriter::Writing the Zynq Baremetal bif 
TRACE::2024-03-18.23:13:47::SCWBifWriter::Found the complete platform E:/zedboard_experiment/circle_led/circle_led_wrapper/export/circle_led_wrapper/circle_led_wrapper.xpfm
TRACE::2024-03-18.23:13:47::SCWBifWriter::hardware databse : circle_led_wrapper_1
TRACE::2024-03-18.23:13:47::SCWBifWriter::bitstream found in the design
TRACE::2024-03-18.23:13:47::SCWBifWriter::Found a baremetal domain, proc: ps7_cortexa9_0
TRACE::2024-03-18.23:13:47::SCWBifWriter::proc type : 
TRACE::2024-03-18.23:13:47::SCWBifWriter::proc[0] : ps7_cortexa9_0
TRACE::2024-03-18.23:13:47::SCWBifWriter::Device type is : zynq
TRACE::2024-03-18.23:13:47::SCWBifWriter::Writing BIF to file : E:/zedboard_experiment/circle_led/circle_system/Debug/system.bif
TRACE::2024-03-18.23:13:47::SCWBifWriter::Writing the Zynq Baremetal bif 
